<?xml version='1.0' encoding='UTF-8'?>
<testsuite hostname="DESKTOP-2CEIT85" name="TestRegression" tests="10" errors="0" failures="0" skipped="0" time="3.309" timestamp="2024-03-29T15:17:51">
          <properties>
[...]
</properties>
          <testcase classname="TestRegression" name="1" time="0.237">
                      
                    </testcase><testcase classname="TestRegression" name="2" time="0.05">
                      
                    </testcase><testcase classname="TestRegression" name="3" time="0.018">
                      
                    </testcase><testcase classname="TestRegression" name="4" time="0.161">
                      
                    </testcase><testcase classname="TestRegression" name="5" time="0.066">
                      
                    </testcase><testcase classname="TestRegression" name="6" time="0.011">
                      
                    </testcase><testcase classname="TestRegression" name="7" time="0.015">
                      
                    </testcase><testcase classname="TestRegression" name="8" time="0.014">
                      
                    </testcase><testcase classname="TestRegression" name="9" time="0.116">
                      
                    </testcase><testcase classname="TestRegression" name="10" time="2.621">
                      
                    </testcase>
          <system-out><![CDATA[]]></system-out>
          <system-err><![CDATA[]]></system-err>
        </testsuite>